<?xml version="1.0" encoding="UTF-8" ?>
<testsuites id="2026-03-21" name="report_2190" tests="4" failures="0" skipped="0" flaky="0" time="0.000">
	<testsuite id="0" name="test_animation_request_service" package="tests" timestamp="2026-03-22T00:00:53" hostname="localhost" tests="4" failures="0" errors="8" skipped="0" flaky="0" time="0.487">
		<testcase name="test_unit_move_request_emits_target_position" classname="test_animation_request_service" time="0.058">
			<error message="ERROR: res://tests/test_animation_request_service.gd:57" type="ABORT">
<![CDATA[
Godot Runtime Error !
	'at: _make_service (res://tests/test_animation_request_service.gd:57)'
Error: 'Invalid call. Nonexistent function 'new' in base 'GDScript'.'
]]>
			</error>
			<error message="ERROR: res://tests/test_animation_request_service.gd:80" type="ABORT">
<![CDATA[
Godot Runtime Error !
	'at: test_unit_move_request_emits_target_position (res://tests/test_animation_request_service.gd:80)'
Error: 'Invalid access to property or key 'service' on a base object of type 'Dictionary'.'
]]>
			</error>
		</testcase>
		<testcase name="test_warning_flash_uses_style_metadata" classname="test_animation_request_service" time="0.072">
			<error message="ERROR: res://tests/test_animation_request_service.gd:57" type="ABORT">
<![CDATA[
Godot Runtime Error !
	'at: _make_service (res://tests/test_animation_request_service.gd:57)'
Error: 'Invalid call. Nonexistent function 'new' in base 'GDScript'.'
]]>
			</error>
			<error message="ERROR: res://tests/test_animation_request_service.gd:107" type="ABORT">
<![CDATA[
Godot Runtime Error !
	'at: test_warning_flash_uses_style_metadata (res://tests/test_animation_request_service.gd:107)'
Error: 'Invalid access to property or key 'service' on a base object of type 'Dictionary'.'
]]>
			</error>
		</testcase>
		<testcase name="test_feedback_float_uses_offset_and_fade" classname="test_animation_request_service" time="0.059">
			<error message="ERROR: res://tests/test_animation_request_service.gd:57" type="ABORT">
<![CDATA[
Godot Runtime Error !
	'at: _make_service (res://tests/test_animation_request_service.gd:57)'
Error: 'Invalid call. Nonexistent function 'new' in base 'GDScript'.'
]]>
			</error>
			<error message="ERROR: res://tests/test_animation_request_service.gd:124" type="ABORT">
<![CDATA[
Godot Runtime Error !
	'at: test_feedback_float_uses_offset_and_fade (res://tests/test_animation_request_service.gd:124)'
Error: 'Invalid access to property or key 'service' on a base object of type 'Dictionary'.'
]]>
			</error>
		</testcase>
		<testcase name="test_property_animation_invokes_callback" classname="test_animation_request_service" time="0.045">
			<error message="ERROR: res://tests/test_animation_request_service.gd:57" type="ABORT">
<![CDATA[
Godot Runtime Error !
	'at: _make_service (res://tests/test_animation_request_service.gd:57)'
Error: 'Invalid call. Nonexistent function 'new' in base 'GDScript'.'
]]>
			</error>
			<error message="ERROR: res://tests/test_animation_request_service.gd:138" type="ABORT">
<![CDATA[
Godot Runtime Error !
	'at: test_property_animation_invokes_callback (res://tests/test_animation_request_service.gd:138)'
Error: 'Invalid access to property or key 'service' on a base object of type 'Dictionary'.'
]]>
			</error>
		</testcase>
	</testsuite>
</testsuites>
